<?xml version="1.0" encoding="UTF-8"?>
<testng-results ignored="0" total="1" passed="1" failed="0" skipped="0">
  <reporter-output>
  </reporter-output>
  <suite started-at="2023-11-15T18:40:38 IST" name="Web Automation Test Suite" finished-at="2023-11-15T18:40:57 IST" duration-ms="18507">
    <groups>
      <group name="cucumber">
        <method signature="AbstractTestNGCucumberTests.runScenario(io.cucumber.testng.PickleWrapper, io.cucumber.testng.FeatureWrapper)[pri:0, instance:scripts.SeleniumFramework4X.Runner.TestRunner@2f67a4d3]" name="runScenario" class="io.cucumber.testng.AbstractTestNGCucumberTests"/>
      </group> <!-- cucumber -->
    </groups>
    <test started-at="2023-11-15T18:40:38 IST" name="Default test" finished-at="2023-11-15T18:40:57 IST" duration-ms="18507">
      <class name="scripts.SeleniumFramework4X.Runner.TestRunner">
        <test-method is-config="true" signature="setUpClass(org.testng.ITestContext)[pri:0, instance:scripts.SeleniumFramework4X.Runner.TestRunner@2f67a4d3]" started-at="2023-11-15T18:40:38 IST" name="setUpClass" finished-at="2023-11-15T18:40:39 IST" duration-ms="350" status="PASS">
          <params>
            <param index="0">
              <value>
                <![CDATA[org.testng.TestRunner@59c04bee]]>
              </value>
            </param>
          </params>
          <reporter-output>
          </reporter-output>
        </test-method> <!-- setUpClass -->
        <test-method is-config="true" signature="setupClass()[pri:0, instance:scripts.SeleniumFramework4X.Runner.TestRunner@2f67a4d3]" started-at="2023-11-15T18:40:39 IST" name="setupClass" finished-at="2023-11-15T18:40:39 IST" duration-ms="21" status="PASS">
          <reporter-output>
          </reporter-output>
        </test-method> <!-- setupClass -->
        <test-method signature="runScenario(io.cucumber.testng.PickleWrapper, io.cucumber.testng.FeatureWrapper)[pri:0, instance:scripts.SeleniumFramework4X.Runner.TestRunner@2f67a4d3]" started-at="2023-11-15T18:40:39 IST" name="runScenario" description="Runs Cucumber Scenarios" data-provider="scenarios" finished-at="2023-11-15T18:40:56 IST" duration-ms="17485" status="PASS">
          <params>
            <param index="0">
              <value>
                <![CDATA["Title of your scenario"]]>
              </value>
            </param>
            <param index="1">
              <value>
                <![CDATA["Title of your feature"]]>
              </value>
            </param>
          </params>
          <reporter-output>
          </reporter-output>
        </test-method> <!-- runScenario -->
        <test-method is-config="true" signature="tearDwonClass()[pri:0, instance:scripts.SeleniumFramework4X.Runner.TestRunner@2f67a4d3]" started-at="2023-11-15T18:40:57 IST" name="tearDwonClass" finished-at="2023-11-15T18:40:57 IST" duration-ms="10" status="PASS">
          <reporter-output>
          </reporter-output>
        </test-method> <!-- tearDwonClass -->
        <test-method is-config="true" signature="tearDownClass()[pri:0, instance:scripts.SeleniumFramework4X.Runner.TestRunner@2f67a4d3]" started-at="2023-11-15T18:40:57 IST" name="tearDownClass" finished-at="2023-11-15T18:40:57 IST" duration-ms="5" status="PASS">
          <reporter-output>
          </reporter-output>
        </test-method> <!-- tearDownClass -->
      </class> <!-- scripts.SeleniumFramework4X.Runner.TestRunner -->
    </test> <!-- Default test -->
  </suite> <!-- Web Automation Test Suite -->
</testng-results>
